<?xml version="1.0" encoding="UTF-8"?>
<!-- Generated by org.testng.reporters.JUnitReportReporter -->
<testsuite hostname="DESKTOP-8NK93MI" failures="0" tests="1" name="abcdfgd213.gfds" time="0.009" errors="0" timestamp="2022-02-05T09:10:52 GMT-05:00" skipped="0">
  <testcase classname="abcdfgd213.gfds" name="m1" time="0.009"/>
  <system-out/>
</testsuite> <!-- abcdfgd213.gfds -->
